<?xml version="1.0" encoding="UTF-8"?>
<testng-results skipped="0" failed="0" ignored="0" total="1" passed="1">
  <reporter-output>
  </reporter-output>
  <suite name="Default suite" duration-ms="18709" started-at="2020-02-19T22:23:28 NPT" finished-at="2020-02-19T22:23:46 NPT">
    <groups>
    </groups>
    <test name="Default test" duration-ms="18709" started-at="2020-02-19T22:23:28 NPT" finished-at="2020-02-19T22:23:46 NPT">
      <class name="TestAutomation.SeleniumTest.WebTest">
        <test-method status="PASS" signature="InitializeBrowser()[pri:0, instance:TestAutomation.SeleniumTest.WebTest@5bc79255]" name="InitializeBrowser" is-config="true" duration-ms="16759" started-at="2020-02-19T22:23:28 NPT" finished-at="2020-02-19T22:23:44 NPT">
          <reporter-output>
          </reporter-output>
        </test-method> <!-- InitializeBrowser -->
        <test-method status="PASS" signature="Test1()[pri:0, instance:TestAutomation.SeleniumTest.WebTest@5bc79255]" name="Test1" duration-ms="976" started-at="2020-02-19T22:23:44 NPT" finished-at="2020-02-19T22:23:45 NPT">
          <reporter-output>
          </reporter-output>
        </test-method> <!-- Test1 -->
        <test-method status="PASS" signature="TerminateBrowser()[pri:0, instance:TestAutomation.SeleniumTest.WebTest@5bc79255]" name="TerminateBrowser" is-config="true" duration-ms="890" started-at="2020-02-19T22:23:45 NPT" finished-at="2020-02-19T22:23:46 NPT">
          <reporter-output>
          </reporter-output>
        </test-method> <!-- TerminateBrowser -->
      </class> <!-- TestAutomation.SeleniumTest.WebTest -->
    </test> <!-- Default test -->
  </suite> <!-- Default suite -->
</testng-results>
